--2014-02-11 10:35:01--  http://bcs.duapp.com/storage-app/cloud.zip
Resolving bcs.duapp.com (bcs.duapp.com)... 123.125.114.82
Connecting to bcs.duapp.com (bcs.duapp.com)|123.125.114.82|:80... connected.
HTTP request sent, awaiting response... 200 OK
Length: 10633539 (10M) [application/zip]
Saving to: ‘cloud.zip’

     0K .......... .......... .......... .......... ..........  0% 24.5K 7m2s
    50K .......... .......... .......... .......... ..........  0% 39.2K 5m41s
   100K .......... .......... .......... .......... ..........  1% 30.3K 5m39s
   150K .......... .......... .......... .......... ..........  1% 34.2K 5m27s
   200K .......... .......... .......... .......... ..........  2% 35.3K 5m18s
   250K .......... .......... .......... .......... ..........  2% 43.0K 5m3s
   300K .......... .......... .......... .......... ..........  3% 43.4K 4m51s
   350K .......... .......... .......... .......... ..........  3% 59.5K 4m35s
   400K .......... .......... .......... .......... ..........  4% 58.3K 4m22s
   450K .......... .......... .......... .......... ..........  4% 58.5K 4m11s
   500K .......... .......... .......... .......... ..........  5% 34.8K 4m13s
   550K .......... .......... .......... .......... ..........  5% 25.5K 4m23s
   600K .......... .......... .......... .......... ..........  6% 43.9K 4m18s
   650K .......... .......... .......... .......... ..........  6% 28.5K 4m23s
   700K .......... .......... .......... .......... ..........  7% 27.7K 4m27s
   750K .......... .......... .......... .......... ..........  7% 24.7K 4m33s
   800K .......... .......... .......... .......... ..........  8% 42.3K 4m29s
   850K .......... .......... .......... .......... ..........  8% 43.3K 4m25s
   900K .......... .......... .......... .......... ..........  9% 42.1K 4m22s
   950K .......... .......... .......... .......... ..........  9% 33.8K 4m21s
  1000K .......... .......... .......... .......... .......... 10% 45.2K 4m17s
  1050K .......... .......... .......... .......... .......... 10% 53.3K 4m12s
  1100K .......... .......... .......... .......... .......... 11% 43.8K 4m9s
  1150K .......... .......... .......... .......... .......... 11% 17.2K 4m20s
  1200K .......... .......... .......... .......... .......... 12% 21.3K 4m25s
  1250K .......... .......... .......... .......... .......... 12% 23.8K 4m28s
  1300K .......... .......... .......... .......... .......... 13% 25.5K 4m30s
  1350K .......... .......... .......... .......... .......... 13% 18.8K 4m36s
  1400K .......... .......... .......... .......... .......... 13% 43.9K 4m32s
  1450K .......... .......... .......... .......... .......... 14% 33.3K 4m30s
  1500K .......... .......... .......... .......... .......... 14% 25.4K 4m31s
  1550K .......... .......... .......... .......... .......... 15% 17.6K 4m37s
  1600K .......... .......... .......... .......... .......... 15% 24.5K 4m38s
  1650K .......... .......... .......... .......... .......... 16% 29.5K 4m37s
  1700K .......... .......... .......... .......... .......... 16% 18.9K 4m40s
  1750K .......... .......... .......... .......... .......... 17% 19.6K 4m43s
  1800K .......... .......... .......... .......... .......... 17% 30.0K 4m42s
  1850K .......... .......... .......... .......... .......... 18% 28.3K 4m40s
  1900K .......... .......... .......... .......... .......... 18% 29.8K 4m39s
  1950K .......... .......... .......... .......... .......... 19% 19.5K 4m41s
  2000K .......... .......... .......... .......... .......... 19% 40.6K 4m38s
  2050K .......... .......... .......... .......... .......... 20% 36.0K 4m35s
  2100K .......... .......... .......... .......... .......... 20% 33.6K 4m32s
  2150K .......... .......... .......... .......... .......... 21% 33.6K 4m30s
  2200K .......... .......... .......... .......... .......... 21% 34.3K 4m28s
  2250K .......... .......... .......... .......... .......... 22% 27.1K 4m27s
  2300K .......... .......... .......... .......... .......... 22% 34.5K 4m25s
  2350K .......... .......... .......... .......... .......... 23% 22.8K 4m25s
  2400K .......... .......... .......... .......... .......... 23% 30.5K 4m23s
  2450K .......... .......... .......... .......... .......... 24% 21.8K 4m23s
  2500K .......... .......... .......... .......... .......... 24% 12.0K 4m29s
  2550K .......... .......... .......... .......... .......... 25% 19.3K 4m30s
  2600K .......... .......... .......... .......... .......... 25% 19.9K 4m31s
  2650K .......... .......... .......... .......... .......... 26% 23.1K 4m30s
  2700K .......... .......... .......... .......... .......... 26% 34.3K 4m28s
  2750K .......... .......... .......... .......... .......... 26% 35.5K 4m25s
  2800K .......... .......... .......... .......... .......... 27% 33.9K 4m22s
  2850K .......... .......... .......... .......... .......... 27% 33.7K 4m20s
  2900K .......... .......... .......... .......... .......... 28% 28.3K 4m18s
  2950K .......... .......... .......... .......... .......... 28% 33.7K 4m16s
  3000K .......... .......... .......... .......... .......... 29% 24.0K 4m15s
  3050K .......... .......... .......... .......... .......... 29% 24.0K 4m14s
  3100K .......... .......... .......... .......... .......... 30% 15.5K 4m16s
  3150K .......... .......... .......... .......... .......... 30% 27.4K 4m14s
  3200K .......... .......... .......... .......... .......... 31% 41.6K 4m11s
  3250K .......... .......... .......... .......... .......... 31% 44.5K 4m8s
  3300K .......... .......... .......... .......... .......... 32% 57.0K 4m4s
  3350K .......... .......... .......... .......... .......... 32% 45.3K 4m1s
  3400K .......... .......... .......... .......... .......... 33% 59.8K 3m58s
  3450K .......... .......... .......... .......... .......... 33% 81.9K 3m54s
  3500K .......... .......... .......... .......... .......... 34% 57.2K 3m51s
  3550K .......... .......... .......... .......... .......... 34% 33.4K 3m49s
  3600K .......... .......... .......... .......... .......... 35% 22.7K 3m48s
  3650K .......... .......... .......... .......... .......... 35% 24.3K 3m47s
  3700K .......... .......... .......... .......... .......... 36% 24.3K 3m46s
  3750K .......... .......... .......... .......... .......... 36% 34.5K 3m44s
  3800K .......... .......... .......... .......... .......... 37% 27.3K 3m42s
  3850K .......... .......... .......... .......... .......... 37% 28.6K 3m41s
  3900K .......... .......... .......... .......... .......... 38% 18.9K 3m40s
  3950K .......... .......... .......... .......... .......... 38% 19.1K 3m40s
  4000K .......... .......... .......... .......... .......... 39% 25.0K 3m39s
  4050K .......... .......... .......... .......... .......... 39% 19.1K 3m39s
  4100K .......... .......... .......... .......... .......... 39% 21.2K 3m38s
  4150K .......... .......... .......... .......... .......... 40% 28.4K 3m36s
  4200K .......... .......... .......... .......... .......... 40% 43.4K 3m33s
  4250K .......... .......... .......... .......... .......... 41% 43.8K 3m31s
  4300K .......... .......... .......... .......... .......... 41% 55.7K 3m28s
  4350K .......... .......... .......... .......... .......... 42% 56.1K 3m25s
  4400K .......... .......... .......... .......... .......... 42% 42.6K 3m23s
  4450K .......... .......... .......... .......... .......... 43% 26.5K 3m21s
  4500K .......... .......... .......... .......... .......... 43% 25.9K 3m20s
  4550K .......... .......... .......... .......... .......... 44% 24.0K 3m19s
  4600K .......... .......... .......... .......... .......... 44% 17.4K 3m18s
  4650K .......... .......... .......... .......... .......... 45% 26.7K 3m17s
  4700K .......... .......... .......... .......... .......... 45% 16.9K 3m16s
  4750K .......... .......... .......... .......... .......... 46% 24.0K 3m15s
  4800K .......... .......... .......... .......... .......... 46% 31.9K 3m13s
  4850K .......... .......... .......... .......... .......... 47% 14.3K 3m13s
  4900K .......... .......... .......... .......... .......... 47% 18.9K 3m13s
  4950K .......... .......... .......... .......... .......... 48% 15.9K 3m12s
  5000K .......... .......... .......... .......... .......... 48% 26.6K 3m11s
  5050K .......... .......... .......... .......... .......... 49% 27.7K 3m9s
  5100K .......... .......... .......... .......... .......... 49% 44.3K 3m6s
  5150K .......... .......... .......... .......... .......... 50% 24.1K 3m5s
  5200K .......... .......... .......... .......... .......... 50% 24.4K 3m3s
  5250K .......... .......... .......... .......... .......... 51% 17.3K 3m3s
  5300K .......... .......... .......... .......... .......... 51% 24.6K 3m1s
  5350K .......... .......... .......... .......... .......... 52% 25.0K 2m59s
  5400K .......... .......... .......... .......... .......... 52% 27.7K 2m58s
  5450K .......... .......... .......... .......... .......... 52% 21.5K 2m56s
  5500K .......... .......... .......... .......... .......... 53% 26.6K 2m55s
  5550K .......... .......... .......... .......... .......... 53% 23.0K 2m53s
  5600K .......... .......... .......... .......... .......... 54% 24.7K 2m51s
  5650K .......... .......... .......... .......... .......... 54% 20.1K 2m50s
  5700K .......... .......... .......... .......... .......... 55% 19.6K 2m49s
  5750K .......... .......... .......... .......... .......... 55% 34.0K 2m47s
  5800K .......... .......... .......... .......... .......... 56% 43.3K 2m44s
  5850K .......... .......... .......... .......... .......... 56% 33.0K 2m42s
  5900K .......... .......... .......... .......... .......... 57% 20.1K 2m41s
  5950K .......... .......... .......... .......... .......... 57% 32.5K 2m39s
  6000K .......... .......... .......... .......... .......... 58% 23.5K 2m38s
  6050K .......... .......... .......... .......... .......... 58% 26.7K 2m36s
  6100K .......... .......... .......... .......... .......... 59% 28.7K 2m34s
  6150K .......... .......... .......... .......... .......... 59% 24.6K 2m32s
  6200K .......... .......... .......... .......... .......... 60% 19.3K 2m31s
  6250K .......... .......... .......... .......... .......... 60% 29.9K 2m29s
  6300K .......... .......... .......... .......... .......... 61% 29.8K 2m27s
  6350K .......... .......... .......... .......... .......... 61% 15.6K 2m26s
  6400K .......... .......... .......... .......... .......... 62% 21.4K 2m25s
  6450K .......... .......... .......... .......... .......... 62% 22.3K 2m23s
  6500K .......... .......... .......... .......... .......... 63% 33.2K 2m21s
  6550K .......... .......... .......... .......... .......... 63% 19.0K 2m20s
  6600K .......... .......... .......... .......... .......... 64% 27.4K 2m18s
  6650K .......... .......... .......... .......... .......... 64% 29.5K 2m16s
  6700K .......... .......... .......... .......... .......... 65% 31.3K 2m14s
  6750K .......... .......... .......... .......... .......... 65% 27.2K 2m12s
  6800K .......... .......... .......... .......... .......... 65% 28.4K 2m10s
  6850K .......... .......... .......... .......... .......... 66% 26.5K 2m8s
  6900K .......... .......... .......... .......... .......... 66% 35.6K 2m6s
  6950K .......... .......... .......... .......... .......... 67% 22.2K 2m5s
  7000K .......... .......... .......... .......... .......... 67% 20.7K 2m3s
  7050K .......... .......... .......... .......... .......... 68% 31.8K 2m1s
  7100K .......... .......... .......... .......... .......... 68% 28.4K 1m59s
  7150K .......... .......... .......... .......... .......... 69% 23.7K 1m57s
  7200K .......... .......... .......... .......... .......... 69% 28.9K 1m56s
  7250K .......... .......... .......... .......... .......... 70% 42.4K 1m53s
  7300K .......... .......... .......... .......... .......... 70% 32.6K 1m51s
  7350K .......... .......... .......... .......... .......... 71% 27.7K 1m50s
  7400K .......... .......... .......... .......... .......... 71% 42.2K 1m48s
  7450K .......... .......... .......... .......... .......... 72% 33.1K 1m46s
  7500K .......... .......... .......... .......... .......... 72% 16.9K 1m44s
  7550K .......... .......... .......... .......... .......... 73% 21.2K 1m42s
  7600K .......... .......... .......... .......... .......... 73% 27.0K 1m41s
  7650K .......... .......... .......... .......... .......... 74% 28.2K 99s
  7700K .......... .......... .......... .......... .......... 74% 17.0K 97s
  7750K .......... .......... .......... .......... .......... 75% 21.1K 96s
  7800K .......... .......... .......... .......... .......... 75% 17.1K 94s
  7850K .......... .......... .......... .......... .......... 76% 16.9K 93s
  7900K .......... .......... .......... .......... .......... 76% 19.0K 91s
  7950K .......... .......... .......... .......... .......... 77% 18.5K 89s
  8000K .......... .......... .......... .......... .......... 77% 32.3K 87s
  8050K .......... .......... .......... .......... .......... 78% 22.2K 86s
  8100K .......... .......... .......... .......... .......... 78% 23.8K 84s
  8150K .......... .......... .......... .......... .......... 78% 17.1K 82s
  8200K .......... .......... .......... .......... .......... 79% 12.0K 81s
  8250K .......... .......... .......... .......... .......... 79% 20.9K 79s
  8300K .......... .......... .......... .......... .......... 80% 20.0K 77s
  8350K .......... .......... .......... .......... .......... 80% 16.9K 76s
  8400K .......... .......... .......... .......... .......... 81% 28.8K 74s
  8450K .......... .......... .......... .......... .......... 81% 34.9K 72s
  8500K .......... .......... .......... .......... .......... 82% 24.8K 70s
  8550K .......... .......... .......... .......... .......... 82% 33.8K 68s
  8600K .......... .......... .......... .......... .......... 83% 35.6K 66s
  8650K .......... .......... .......... .......... .......... 83% 24.2K 64s
  8700K .......... .......... .......... .......... .......... 84% 23.0K 62s
  8750K .......... .......... .......... .......... .......... 84% 22.1K 60s
  8800K .......... .......... .......... .......... .......... 85% 33.5K 58s
  8850K .......... .......... .......... .......... .......... 85% 18.3K 57s
  8900K .......... .......... .......... .......... .......... 86% 21.3K 55s
  8950K .......... .......... .......... .......... .......... 86% 33.6K 53s
  9000K .......... .......... .......... .......... .......... 87% 28.6K 51s
  9050K .......... .......... .......... .......... .......... 87% 36.7K 49s
  9100K .......... .......... .......... .......... .......... 88% 42.0K 47s
  9150K .......... .......... .......... .......... .......... 88% 33.6K 45s
  9200K .......... .......... .......... .......... .......... 89% 34.0K 43s
  9250K .......... .......... .......... .......... .......... 89% 18.8K 41s
  9300K .......... .......... .......... .......... .......... 90% 26.9K 39s
  9350K .......... .......... .......... .......... .......... 90% 21.9K 37s
  9400K .......... .......... .......... .......... .......... 91% 24.5K 36s
  9450K .......... .......... .......... .......... .......... 91% 26.5K 34s
  9500K .......... .......... .......... .......... .......... 91% 29.4K 32s
  9550K .......... .......... .......... .......... .......... 92% 32.8K 30s
  9600K .......... .......... .......... .......... .......... 92% 28.9K 28s
  9650K .......... .......... .......... .......... .......... 93% 32.7K 26s
  9700K .......... .......... .......... .......... .......... 93% 25.3K 24s
  9750K .......... .......... .......... .......... .......... 94% 28.6K 22s
  9800K .......... .......... .......... .......... .......... 94% 27.8K 20s
  9850K .......... .......... .......... .......... .......... 95% 20.9K 18s
  9900K .......... .......... .......... .......... .......... 95% 33.5K 16s
  9950K .......... .......... .......... .......... .......... 96% 28.1K 15s
 10000K .......... .......... .......... .......... .......... 96% 23.2K 13s
 10050K .......... .......... .......... .......... .......... 97% 24.5K 11s
 10100K .......... .......... .......... .......... .......... 97% 21.1K 9s
 10150K .......... .......... .......... .......... .......... 98% 13.1K 7s
 10200K .......... .......... .......... .......... .......... 98% 12.2K 5s
 10250K .......... .......... .......... .......... .......... 99% 23.3K 3s
 10300K .......... .......... .......... .......... .......... 99% 12.3K 1s
 10350K .......... .......... .......... ....                 100% 18.4K=6m42s

2014-02-11 10:41:43 (25.9 KB/s) - ‘cloud.zip’ saved [10633539/10633539]

